<?xml version="1.0" encoding="UTF-8"?>
<!-- Generated by org.testng.reporters.JUnitXMLReporter -->
<testsuite ignored="4" hostname="LTIN518716" failures="0" tests="12" name="Test" time="14.506" errors="0" timestamp="2024-03-06T10:54:21 IST">
  <testcase classname="testBase.BaseClass" name="@BeforeTest setup" time="12.702">
    <failure type="org.openqa.selenium.TimeoutException" message="timeout: Timed out receiving message from renderer: 6.261
  (Session info: chrome=118.0.5993.71)
Build info: version: &amp;apos;4.17.0&amp;apos;, revision: &amp;apos;e52b1be057*&amp;apos;
System info: os.name: &amp;apos;Windows 11&amp;apos;, os.arch: &amp;apos;amd64&amp;apos;, os.version: &amp;apos;10.0&amp;apos;, java.version: &amp;apos;17.0.2&amp;apos;
Driver info: org.openqa.selenium.chrome.ChromeDriver
Command: [140b5085f31ca31b3ad036494bdd7a0c, get {url=https://www.justdial.com/}]
Capabilities {acceptInsecureCerts: false, browserName: chrome, browserVersion: 118.0.5993.71, chrome: {chromedriverVersion: 118.0.5993.70 (e52f33f30b91..., userDataDir: C:\windows\SystemTemp\scope...}, fedcm:accounts: true, goog:chromeOptions: {debuggerAddress: localhost:64716}, networkConnectionEnabled: false, pageLoadStrategy: normal, platformName: windows, proxy: Proxy(), se:cdp: ws://localhost:64716/devtoo..., se:cdpVersion: 118.0.5993.71, setWindowRect: true, strictFileInteractability: false, timeouts: {implicit: 0, pageLoad: 300000, script: 30000}, unhandledPromptBehavior: dismiss and notify, webauthn:extension:credBlob: true, webauthn:extension:largeBlob: true, webauthn:extension:minPinLength: true, webauthn:extension:prf: true, webauthn:virtualAuthenticators: true}
Session ID: 140b5085f31ca31b3ad036494bdd7a0c">
      <![CDATA[org.openqa.selenium.TimeoutException: timeout: Timed out receiving message from renderer: 6.261
  (Session info: chrome=118.0.5993.71)
Build info: version: '4.17.0', revision: 'e52b1be057*'
System info: os.name: 'Windows 11', os.arch: 'amd64', os.version: '10.0', java.version: '17.0.2'
Driver info: org.openqa.selenium.chrome.ChromeDriver
Command: [140b5085f31ca31b3ad036494bdd7a0c, get {url=https://www.justdial.com/}]
Capabilities {acceptInsecureCerts: false, browserName: chrome, browserVersion: 118.0.5993.71, chrome: {chromedriverVersion: 118.0.5993.70 (e52f33f30b91..., userDataDir: C:\windows\SystemTemp\scope...}, fedcm:accounts: true, goog:chromeOptions: {debuggerAddress: localhost:64716}, networkConnectionEnabled: false, pageLoadStrategy: normal, platformName: windows, proxy: Proxy(), se:cdp: ws://localhost:64716/devtoo..., se:cdpVersion: 118.0.5993.71, setWindowRect: true, strictFileInteractability: false, timeouts: {implicit: 0, pageLoad: 300000, script: 30000}, unhandledPromptBehavior: dismiss and notify, webauthn:extension:credBlob: true, webauthn:extension:largeBlob: true, webauthn:extension:minPinLength: true, webauthn:extension:prf: true, webauthn:virtualAuthenticators: true}
Session ID: 140b5085f31ca31b3ad036494bdd7a0c
at org.openqa.selenium.remote.codec.w3c.W3CHttpResponseCodec.createException(W3CHttpResponseCodec.java:185)
at org.openqa.selenium.remote.codec.w3c.W3CHttpResponseCodec.decode(W3CHttpResponseCodec.java:134)
at org.openqa.selenium.remote.codec.w3c.W3CHttpResponseCodec.decode(W3CHttpResponseCodec.java:51)
at org.openqa.selenium.remote.HttpCommandExecutor.execute(HttpCommandExecutor.java:190)
at org.openqa.selenium.remote.service.DriverCommandExecutor.invokeExecute(DriverCommandExecutor.java:216)
at org.openqa.selenium.remote.service.DriverCommandExecutor.execute(DriverCommandExecutor.java:174)
at org.openqa.selenium.remote.RemoteWebDriver.execute(RemoteWebDriver.java:519)
at org.openqa.selenium.remote.RemoteWebDriver.get(RemoteWebDriver.java:301)
at testBase.BaseClass.setup(BaseClass.java:121)
... Removed 33 stack frames]]>
    </failure>
  </testcase> <!-- @BeforeTest setup -->
  <testcase classname="testBase.BaseClass" name="@AfterTest tearDown" time="0.0">
    <skipped/>
  </testcase> <!-- @AfterTest tearDown -->
  <testcase classname="testCases.TC_001_CarWashingSrvcsDetails" name="checkLocation" time="0.0">
    <skipped/>
  </testcase> <!-- checkLocation -->
  <testcase classname="testCases.TC_001_CarWashingSrvcsDetails" name="searchCarWashingSrvcs" time="0.0">
    <skipped/>
  </testcase> <!-- searchCarWashingSrvcs -->
  <testcase classname="testCases.TC_001_CarWashingSrvcsDetails" name="applyFilters" time="0.0">
    <skipped/>
  </testcase> <!-- applyFilters -->
  <testcase classname="testCases.TC_001_CarWashingSrvcsDetails" name="clickContactButton" time="0.0">
    <skipped/>
  </testcase> <!-- clickContactButton -->
  <testcase classname="testCases.TC_001_CarWashingSrvcsDetails" name="printCarWashingSrvcsDetails" time="0.0">
    <skipped/>
  </testcase> <!-- printCarWashingSrvcsDetails -->
  <testcase classname="testCases.TC_002_LauchFreeListing" name="launchFreeListing" time="0.0">
    <skipped/>
  </testcase> <!-- launchFreeListing -->
  <testcase classname="testCases.TC_002_LauchFreeListing" name="clickStartNowBtn" time="0.0">
    <skipped/>
  </testcase> <!-- clickStartNowBtn -->
  <testcase classname="testCases.TC_002_LauchFreeListing" name="printInvalidMessage" time="0.0">
    <skipped/>
  </testcase> <!-- printInvalidMessage -->
  <testcase classname="testCases.TC_002_LauchFreeListing" name="navigateBack" time="0.0">
    <skipped/>
  </testcase> <!-- navigateBack -->
  <testcase classname="testCases.TC_003_GymsSubList" name="clickGymSection" time="0.0">
    <skipped/>
  </testcase> <!-- clickGymSection -->
  <testcase classname="testCases.TC_003_GymsSubList" name="printGymSubList" time="0.0">
    <skipped/>
  </testcase> <!-- printGymSubList -->
  <testcase classname="testCases.TC_003_GymsSubList" name="printSubMenuList" time="0.0">
    <skipped/>
  </testcase> <!-- printSubMenuList -->
  <testcase classname="testBase.BaseClass" name="@BeforeTest setup" time="0.0">
    <ignored/>
  </testcase> <!-- @BeforeTest setup -->
  <testcase classname="testBase.BaseClass" name="@AfterTest tearDown" time="0.0">
    <ignored/>
  </testcase> <!-- @AfterTest tearDown -->
  <testcase classname="testBase.BaseClass" name="@AfterTest tearDown" time="0.0">
    <ignored/>
  </testcase> <!-- @AfterTest tearDown -->
  <testcase classname="testBase.BaseClass" name="@BeforeTest setup" time="0.0">
    <ignored/>
  </testcase> <!-- @BeforeTest setup -->
</testsuite> <!-- Test -->
